<?xml version="1.0" encoding="UTF-8"?>
<!-- Generated by org.testng.reporters.JUnitXMLReporter -->
<testsuite ignored="2" hostname="HP_Prameela" failures="0" tests="4" name="Surefire test" time="28.76" errors="0" timestamp="2025-03-04T16:00:03 IST">
  <testcase classname="com.crm.campaigntest.campaignTest" name="navigatetoCampaignPageTest" time="1.429"/>
  <testcase classname="com.crm.orgtest.OrganizationmoduleTest" name="CreateOrgwithIndustry" time="5.545"/>
  <testcase classname="com.crm.orgtest.OrganizationmoduleTest" name="CreateOrgwithPhonenum" time="4.102"/>
  <testcase classname="com.crm.orgtest.OrganizationmoduleTest" name="verifylogo" time="0.081"/>
  <testcase classname="com.crm.basetestutility.Basetest" name="@BeforeSuite configAS" time="0.0">
    <ignored/>
  </testcase> <!-- @BeforeSuite configAS -->
  <testcase classname="com.crm.basetestutility.Basetest" name="@AfterSuite configBS" time="0.0">
    <ignored/>
  </testcase> <!-- @AfterSuite configBS -->
</testsuite> <!-- Surefire test -->
