<?xml version="1.0" encoding="UTF-8"?>
<!-- Generated by org.testng.reporters.JUnitXMLReporter -->
<testsuite ignored="2" hostname="HP_Prameela" failures="0" tests="1" name="Test" time="8.971" errors="0" timestamp="2025-03-05T11:14:53 IST">
  <testcase classname="com.crm.orgtest.OrganizationmoduleTest" name="CreateOrgwithPhonenum" time="3.896"/>
  <testcase classname="com.crm.orgtest.OrganizationmoduleTest" name="CreateOrgwithIndustry" time="0.0">
    <ignored/>
  </testcase> <!-- CreateOrgwithIndustry -->
  <testcase classname="com.crm.orgtest.OrganizationmoduleTest" name="verifylogo" time="0.0">
    <ignored/>
  </testcase> <!-- verifylogo -->
</testsuite> <!-- Test -->
