<?xml version="1.0" encoding="UTF-8"?>
<!-- Generated by org.testng.reporters.JUnitXMLReporter -->
<testsuite ignored="3" hostname="HP_Prameela" failures="0" tests="1" name="Default test" time="10.555" errors="0" timestamp="2025-03-03T15:13:01 IST">
  <testcase classname="com.crm.orgtest.OrganizationmoduleTest" name="CreateOrgTest" time="3.798"/>
  <testcase classname="com.crm.orgtest.OrganizationmoduleTest" name="CreateOrgwithIndustry" time="0.0">
    <ignored/>
  </testcase> <!-- CreateOrgwithIndustry -->
  <testcase classname="com.crm.orgtest.OrganizationmoduleTest" name="CreateOrgwithPhonenum" time="0.0">
    <ignored/>
  </testcase> <!-- CreateOrgwithPhonenum -->
  <testcase classname="com.crm.orgtest.OrganizationmoduleTest" name="verifylogo" time="0.0">
    <ignored/>
  </testcase> <!-- verifylogo -->
</testsuite> <!-- Default test -->
