<?xml version="1.0" encoding="UTF-8"?>
<!-- Generated by org.testng.reporters.JUnitXMLReporter -->
<testsuite ignored="0" hostname="HP_Prameela" failures="0" tests="3" name="Test" time="20.183" errors="0" timestamp="2025-03-05T13:23:54 IST">
  <testcase classname="com.crm.orgtest.OrganizationmoduleTest" name="CreateOrgwithIndustry" time="5.275"/>
  <testcase classname="com.crm.orgtest.OrganizationmoduleTest" name="CreateOrgwithPhonenum" time="3.838"/>
  <testcase classname="com.crm.orgtest.OrganizationmoduleTest" name="verifylogo" time="0.087"/>
</testsuite> <!-- Test -->
