<?xml version="1.0" encoding="UTF-8"?>
<testng-results ignored="0" total="3" passed="3" failed="0" skipped="0">
  <reporter-output>
    <line>
      <![CDATA[CreateOrgwithIndustry verified==pass]]>
    </line>
    <line>
      <![CDATA[CreateOrgwithPhonenum verified==pass]]>
    </line>
    <line>
      <![CDATA[verifylogo verified==pass]]>
    </line>
  </reporter-output>
  <suite started-at="2025-03-05T13:23:34 IST" name="Suite" finished-at="2025-03-05T13:23:54 IST" duration-ms="20183">
    <groups>
      <group name="regression">
        <method signature="OrganizationmoduleTest.CreateOrgwithIndustry(java.lang.reflect.Method)[pri:0, instance:com.crm.orgtest.OrganizationmoduleTest@723ca036]" name="CreateOrgwithIndustry" class="com.crm.orgtest.OrganizationmoduleTest"/>
        <method signature="OrganizationmoduleTest.CreateOrgwithPhonenum(java.lang.reflect.Method)[pri:0, instance:com.crm.orgtest.OrganizationmoduleTest@723ca036]" name="CreateOrgwithPhonenum" class="com.crm.orgtest.OrganizationmoduleTest"/>
      </group> <!-- regression -->
    </groups>
    <test started-at="2025-03-05T13:23:34 IST" name="Test" finished-at="2025-03-05T13:23:54 IST" duration-ms="20183">
      <class name="com.crm.orgtest.OrganizationmoduleTest">
        <test-method is-config="true" signature="configAS()[pri:0, instance:com.crm.orgtest.OrganizationmoduleTest@723ca036]" started-at="2025-03-05T13:23:34 IST" name="configAS" finished-at="2025-03-05T13:23:34 IST" duration-ms="16" status="PASS">
          <reporter-output>
          </reporter-output>
        </test-method> <!-- configAS -->
        <test-method is-config="true" signature="configBC(java.lang.String)[pri:0, instance:com.crm.orgtest.OrganizationmoduleTest@723ca036]" started-at="2025-03-05T13:23:34 IST" name="configBC" finished-at="2025-03-05T13:23:37 IST" duration-ms="3556" status="PASS">
          <params>
            <param index="0">
              <value>
                <![CDATA[chrome]]>
              </value>
            </param>
          </params>
          <reporter-output>
          </reporter-output>
        </test-method> <!-- configBC -->
        <test-method is-config="true" signature="configBM()[pri:0, instance:com.crm.orgtest.OrganizationmoduleTest@723ca036]" started-at="2025-03-05T13:23:37 IST" name="configBM" finished-at="2025-03-05T13:23:39 IST" duration-ms="1765" status="PASS">
          <reporter-output>
          </reporter-output>
        </test-method> <!-- configBM -->
        <test-method signature="CreateOrgwithIndustry(java.lang.reflect.Method)[pri:0, instance:com.crm.orgtest.OrganizationmoduleTest@723ca036]" started-at="2025-03-05T13:23:39 IST" name="CreateOrgwithIndustry" finished-at="2025-03-05T13:23:44 IST" duration-ms="5275" status="PASS">
          <params>
            <param index="0">
              <value>
                <![CDATA[public void com.crm.orgtest.OrganizationmoduleTest.CreateOrgwithIndustry(java.lang.reflect.Method) throws java.io.IOException]]>
              </value>
            </param>
          </params>
          <reporter-output>
            <line>
              <![CDATA[CreateOrgwithIndustry verified==pass]]>
            </line>
          </reporter-output>
        </test-method> <!-- CreateOrgwithIndustry -->
        <test-method is-config="true" signature="configAM()[pri:0, instance:com.crm.orgtest.OrganizationmoduleTest@723ca036]" started-at="2025-03-05T13:23:44 IST" name="configAM" finished-at="2025-03-05T13:23:45 IST" duration-ms="796" status="PASS">
          <reporter-output>
          </reporter-output>
        </test-method> <!-- configAM -->
        <test-method is-config="true" signature="configBM()[pri:0, instance:com.crm.orgtest.OrganizationmoduleTest@723ca036]" started-at="2025-03-05T13:23:45 IST" name="configBM" finished-at="2025-03-05T13:23:46 IST" duration-ms="1323" status="PASS">
          <reporter-output>
          </reporter-output>
        </test-method> <!-- configBM -->
        <test-method signature="CreateOrgwithPhonenum(java.lang.reflect.Method)[pri:0, instance:com.crm.orgtest.OrganizationmoduleTest@723ca036]" started-at="2025-03-05T13:23:46 IST" name="CreateOrgwithPhonenum" finished-at="2025-03-05T13:23:50 IST" duration-ms="3838" status="PASS">
          <params>
            <param index="0">
              <value>
                <![CDATA[public void com.crm.orgtest.OrganizationmoduleTest.CreateOrgwithPhonenum(java.lang.reflect.Method) throws java.io.IOException]]>
              </value>
            </param>
          </params>
          <reporter-output>
            <line>
              <![CDATA[CreateOrgwithPhonenum verified==pass]]>
            </line>
          </reporter-output>
        </test-method> <!-- CreateOrgwithPhonenum -->
        <test-method is-config="true" signature="configAM()[pri:0, instance:com.crm.orgtest.OrganizationmoduleTest@723ca036]" started-at="2025-03-05T13:23:50 IST" name="configAM" finished-at="2025-03-05T13:23:51 IST" duration-ms="741" status="PASS">
          <reporter-output>
          </reporter-output>
        </test-method> <!-- configAM -->
        <test-method is-config="true" signature="configBM()[pri:0, instance:com.crm.orgtest.OrganizationmoduleTest@723ca036]" started-at="2025-03-05T13:23:51 IST" name="configBM" finished-at="2025-03-05T13:23:52 IST" duration-ms="1319" status="PASS">
          <reporter-output>
          </reporter-output>
        </test-method> <!-- configBM -->
        <test-method signature="verifylogo(java.lang.reflect.Method)[pri:0, instance:com.crm.orgtest.OrganizationmoduleTest@723ca036]" started-at="2025-03-05T13:23:52 IST" name="verifylogo" finished-at="2025-03-05T13:23:52 IST" duration-ms="87" status="PASS">
          <params>
            <param index="0">
              <value>
                <![CDATA[public void com.crm.orgtest.OrganizationmoduleTest.verifylogo(java.lang.reflect.Method) throws java.io.IOException,java.lang.InterruptedException]]>
              </value>
            </param>
          </params>
          <reporter-output>
            <line>
              <![CDATA[verifylogo verified==pass]]>
            </line>
          </reporter-output>
        </test-method> <!-- verifylogo -->
        <test-method is-config="true" signature="configAM()[pri:0, instance:com.crm.orgtest.OrganizationmoduleTest@723ca036]" started-at="2025-03-05T13:23:52 IST" name="configAM" finished-at="2025-03-05T13:23:53 IST" duration-ms="969" status="PASS">
          <reporter-output>
          </reporter-output>
        </test-method> <!-- configAM -->
        <test-method is-config="true" signature="configAC()[pri:0, instance:com.crm.orgtest.OrganizationmoduleTest@723ca036]" started-at="2025-03-05T13:23:53 IST" name="configAC" finished-at="2025-03-05T13:23:54 IST" duration-ms="413" status="PASS">
          <reporter-output>
          </reporter-output>
        </test-method> <!-- configAC -->
        <test-method is-config="true" signature="configBS()[pri:0, instance:com.crm.orgtest.OrganizationmoduleTest@723ca036]" started-at="2025-03-05T13:23:54 IST" name="configBS" finished-at="2025-03-05T13:23:54 IST" duration-ms="0" status="PASS">
          <reporter-output>
          </reporter-output>
        </test-method> <!-- configBS -->
      </class> <!-- com.crm.orgtest.OrganizationmoduleTest -->
    </test> <!-- Test -->
  </suite> <!-- Suite -->
</testng-results>
